
> dev
> turbo run dev

turbo 2.5.6

• Packages in scope: @repo/ui, web
• Running dev in 2 packages
• Remote caching disabled
web:dev: cache bypass, force executing 3350e84e81959008
web:dev: 
web:dev: > web@0.1.0 dev
web:dev: > next dev --turbopack --port 3000
web:dev: 
web:dev:    ▲ Next.js 15.5.2 (Turbopack)
web:dev:    - Local:        http://localhost:3000
web:dev:    - Network:      http://10.30.36.254:3000
web:dev: 
web:dev:  ✓ Starting...
web:dev:  ✓ Ready in 1246ms
web:dev:  ○ Compiling / ...
web:dev:  ✓ Compiled / in 2.3s
web:dev:  GET / 200 in 2636ms
web:dev:  GET / 200 in 93ms
web:dev:  GET / 200 in 125ms
web:dev:  GET / 200 in 352ms
web:dev:  ✓ Compiled /favicon.ico in 458ms
web:dev:  GET /favicon.ico?favicon.0b3bf435.ico 200 in 787ms
web:dev:  GET /favicon.ico?favicon.0b3bf435.ico 200 in 799ms
web:dev:  GET /favicon.ico?favicon.0b3bf435.ico 200 in 798ms
web:dev:  ✓ Compiled in 14ms
web:dev:  ✓ Compiled in 11ms
web:dev:  ✓ Compiled in 14ms
web:dev:  GET / 200 in 255ms
web:dev:  GET /favicon.ico?favicon.0b3bf435.ico 200 in 284ms
web:dev:  GET /favicon.ico?favicon.0b3bf435.ico 200 in 282ms
web:dev:  GET /favicon.ico?favicon.0b3bf435.ico 200 in 283ms
web:dev:  ✓ Compiled in 39ms
web:dev:  ✓ Compiled in 14ms
web:dev:  ✓ Compiled in 5ms
web:dev:  ✓ Compiled in 8ms
web:dev:  GET / 200 in 251ms
web:dev:  GET /favicon.ico?favicon.0b3bf435.ico 200 in 255ms
