2025/09/10 22:35:17 Connected to NATS.
2025/09/10 22:35:17 Connected to TimescaleDB.
2025/09/10 22:35:17 Orchestrator started. Now processing jobs.
2025/09/10 22:35:17 API server listening on :8080
2025/09/10 22:35:20 Logged telemetry for Mock RTX 4080 on gpu-1
2025/09/10 22:35:20 Logged telemetry for Mock RTX 4090 on gpu-0
2025/09/10 22:35:20 Logged telemetry for Mock RTX 4070 on gpu-2
2025/09/10 22:35:22 Logged telemetry for Mock RTX 4080 on gpu-1
2025/09/10 22:35:22 Logged telemetry for Mock RTX 4070 on gpu-2
2025/09/10 22:35:22 Logged telemetry for Mock RTX 4090 on gpu-0
2025/09/10 22:35:22 No jobs in queue. Predicting idle period. Sending sleep command.
2025/09/10 22:35:22 Would send sleep command to GPU agent
2025/09/10 22:35:24 Logged telemetry for Mock RTX 4080 on gpu-1
2025/09/10 22:35:24 Logged telemetry for Mock RTX 4070 on gpu-2
2025/09/10 22:35:24 Logged telemetry for Mock RTX 4090 on gpu-0
2025/09/10 22:35:26 Logged telemetry for Mock RTX 4090 on gpu-0
2025/09/10 22:35:26 Logged telemetry for Mock RTX 4080 on gpu-1
2025/09/10 22:35:26 Logged telemetry for Mock RTX 4070 on gpu-2
2025/09/10 22:35:27 No jobs in queue. Predicting idle period. Sending sleep command.
2025/09/10 22:35:27 Would send sleep command to GPU agent
2025/09/10 22:35:28 Logged telemetry for Mock RTX 4070 on gpu-2
2025/09/10 22:35:28 Logged telemetry for Mock RTX 4090 on gpu-0
2025/09/10 22:35:28 Logged telemetry for Mock RTX 4080 on gpu-1
2025/09/10 22:35:30 Logged telemetry for Mock RTX 4080 on gpu-1
2025/09/10 22:35:30 Logged telemetry for Mock RTX 4070 on gpu-2
2025/09/10 22:35:30 Logged telemetry for Mock RTX 4090 on gpu-0
2025/09/10 22:35:32 Logged telemetry for Mock RTX 4080 on gpu-1
2025/09/10 22:35:32 Logged telemetry for Mock RTX 4090 on gpu-0
2025/09/10 22:35:32 Logged telemetry for Mock RTX 4070 on gpu-2
2025/09/10 22:35:32 No jobs in queue. Predicting idle period. Sending sleep command.
2025/09/10 22:35:32 Would send sleep command to GPU agent
2025/09/10 22:35:34 Logged telemetry for Mock RTX 4070 on gpu-2
2025/09/10 22:35:34 Logged telemetry for Mock RTX 4090 on gpu-0
2025/09/10 22:35:34 Logged telemetry for Mock RTX 4080 on gpu-1
2025/09/10 22:35:36 Logged telemetry for Mock RTX 4080 on gpu-1
2025/09/10 22:35:36 Logged telemetry for Mock RTX 4070 on gpu-2
2025/09/10 22:35:36 Logged telemetry for Mock RTX 4090 on gpu-0
2025/09/10 22:35:37 No jobs in queue. Predicting idle period. Sending sleep command.
2025/09/10 22:35:37 Would send sleep command to GPU agent
2025/09/10 22:35:38 Logged telemetry for Mock RTX 4090 on gpu-0
2025/09/10 22:35:38 Logged telemetry for Mock RTX 4080 on gpu-1
2025/09/10 22:35:38 Logged telemetry for Mock RTX 4070 on gpu-2
2025/09/10 22:35:40 Logged telemetry for Mock RTX 4070 on gpu-2
2025/09/10 22:35:40 Logged telemetry for Mock RTX 4090 on gpu-0
2025/09/10 22:35:40 Logged telemetry for Mock RTX 4080 on gpu-1
2025/09/10 22:35:42 Logged telemetry for Mock RTX 4090 on gpu-0
2025/09/10 22:35:42 Logged telemetry for Mock RTX 4070 on gpu-2
2025/09/10 22:35:42 Logged telemetry for Mock RTX 4080 on gpu-1
2025/09/10 22:35:42 No jobs in queue. Predicting idle period. Sending sleep command.
2025/09/10 22:35:42 Would send sleep command to GPU agent
2025/09/10 22:35:44 Logged telemetry for Mock RTX 4080 on gpu-1
2025/09/10 22:35:44 Logged telemetry for Mock RTX 4070 on gpu-2
2025/09/10 22:35:44 Logged telemetry for Mock RTX 4090 on gpu-0
2025/09/10 22:35:46 Logged telemetry for Mock RTX 4090 on gpu-0
2025/09/10 22:35:46 Logged telemetry for Mock RTX 4080 on gpu-1
2025/09/10 22:35:46 Logged telemetry for Mock RTX 4070 on gpu-2
2025/09/10 22:35:47 No jobs in queue. Predicting idle period. Sending sleep command.
2025/09/10 22:35:47 Would send sleep command to GPU agent
2025/09/10 22:35:48 Logged telemetry for Mock RTX 4070 on gpu-2
2025/09/10 22:35:48 Logged telemetry for Mock RTX 4090 on gpu-0
2025/09/10 22:35:48 Logged telemetry for Mock RTX 4080 on gpu-1
2025/09/10 22:35:50 Logged telemetry for Mock RTX 4080 on gpu-1
2025/09/10 22:35:50 Logged telemetry for Mock RTX 4070 on gpu-2
2025/09/10 22:35:50 Logged telemetry for Mock RTX 4090 on gpu-0
2025/09/10 22:35:52 Logged telemetry for Mock RTX 4090 on gpu-0
2025/09/10 22:35:52 Logged telemetry for Mock RTX 4080 on gpu-1
2025/09/10 22:35:52 Logged telemetry for Mock RTX 4070 on gpu-2
2025/09/10 22:35:52 No jobs in queue. Predicting idle period. Sending sleep command.
2025/09/10 22:35:52 Would send sleep command to GPU agent
2025/09/10 22:35:54 Logged telemetry for Mock RTX 4070 on gpu-2
2025/09/10 22:35:54 Logged telemetry for Mock RTX 4090 on gpu-0
2025/09/10 22:35:54 Logged telemetry for Mock RTX 4080 on gpu-1
2025/09/10 22:35:56 Logged telemetry for Mock RTX 4080 on gpu-1
2025/09/10 22:35:56 Logged telemetry for Mock RTX 4070 on gpu-2
2025/09/10 22:35:56 Logged telemetry for Mock RTX 4090 on gpu-0
2025/09/10 22:35:57 No jobs in queue. Predicting idle period. Sending sleep command.
2025/09/10 22:35:57 Would send sleep command to GPU agent
2025/09/10 22:35:58 Logged telemetry for Mock RTX 4070 on gpu-2
2025/09/10 22:35:58 Logged telemetry for Mock RTX 4080 on gpu-1
2025/09/10 22:35:58 Logged telemetry for Mock RTX 4090 on gpu-0
2025/09/10 22:36:00 Logged telemetry for Mock RTX 4090 on gpu-0
2025/09/10 22:36:00 Logged telemetry for Mock RTX 4070 on gpu-2
2025/09/10 22:36:00 Logged telemetry for Mock RTX 4080 on gpu-1
2025/09/10 22:36:02 Logged telemetry for Mock RTX 4070 on gpu-2
2025/09/10 22:36:02 Logged telemetry for Mock RTX 4090 on gpu-0
2025/09/10 22:36:02 Logged telemetry for Mock RTX 4080 on gpu-1
2025/09/10 22:36:02 No jobs in queue. Predicting idle period. Sending sleep command.
2025/09/10 22:36:02 Would send sleep command to GPU agent
2025/09/10 22:36:04 Logged telemetry for Mock RTX 4070 on gpu-2
2025/09/10 22:36:04 Logged telemetry for Mock RTX 4080 on gpu-1
2025/09/10 22:36:04 Logged telemetry for Mock RTX 4090 on gpu-0
2025/09/10 22:36:06 Logged telemetry for Mock RTX 4090 on gpu-0
2025/09/10 22:36:06 Logged telemetry for Mock RTX 4080 on gpu-1
2025/09/10 22:36:06 Logged telemetry for Mock RTX 4070 on gpu-2
2025/09/10 22:36:07 No jobs in queue. Predicting idle period. Sending sleep command.
2025/09/10 22:36:07 Would send sleep command to GPU agent
2025/09/10 22:36:08 Logged telemetry for Mock RTX 4070 on gpu-2
2025/09/10 22:36:08 Logged telemetry for Mock RTX 4090 on gpu-0
2025/09/10 22:36:08 Logged telemetry for Mock RTX 4080 on gpu-1
2025/09/10 22:36:10 Logged telemetry for Mock RTX 4080 on gpu-1
2025/09/10 22:36:10 Logged telemetry for Mock RTX 4070 on gpu-2
2025/09/10 22:36:10 Logged telemetry for Mock RTX 4090 on gpu-0
2025/09/10 22:36:12 Logged telemetry for Mock RTX 4090 on gpu-0
2025/09/10 22:36:12 Logged telemetry for Mock RTX 4070 on gpu-2
2025/09/10 22:36:12 Logged telemetry for Mock RTX 4080 on gpu-1
2025/09/10 22:36:12 No jobs in queue. Predicting idle period. Sending sleep command.
2025/09/10 22:36:12 Would send sleep command to GPU agent
2025/09/10 22:36:14 Logged telemetry for Mock RTX 4080 on gpu-1
2025/09/10 22:36:14 Logged telemetry for Mock RTX 4090 on gpu-0
2025/09/10 22:36:14 Logged telemetry for Mock RTX 4070 on gpu-2
2025/09/10 22:36:16 Logged telemetry for Mock RTX 4070 on gpu-2
2025/09/10 22:36:16 Logged telemetry for Mock RTX 4080 on gpu-1
2025/09/10 22:36:16 Logged telemetry for Mock RTX 4090 on gpu-0
2025/09/10 22:36:17 No jobs in queue. Predicting idle period. Sending sleep command.
2025/09/10 22:36:17 Would send sleep command to GPU agent
2025/09/10 22:36:18 Logged telemetry for Mock RTX 4090 on gpu-0
2025/09/10 22:36:18 Logged telemetry for Mock RTX 4070 on gpu-2
2025/09/10 22:36:18 Logged telemetry for Mock RTX 4080 on gpu-1
2025/09/10 22:36:20 Logged telemetry for Mock RTX 4080 on gpu-1
2025/09/10 22:36:20 Logged telemetry for Mock RTX 4090 on gpu-0
2025/09/10 22:36:20 Logged telemetry for Mock RTX 4070 on gpu-2
2025/09/10 22:36:22 Logged telemetry for Mock RTX 4070 on gpu-2
2025/09/10 22:36:22 Logged telemetry for Mock RTX 4080 on gpu-1
2025/09/10 22:36:22 Logged telemetry for Mock RTX 4090 on gpu-0
2025/09/10 22:36:22 No jobs in queue. Predicting idle period. Sending sleep command.
2025/09/10 22:36:22 Would send sleep command to GPU agent
2025/09/10 22:36:24 Logged telemetry for Mock RTX 4090 on gpu-0
2025/09/10 22:36:24 Logged telemetry for Mock RTX 4070 on gpu-2
2025/09/10 22:36:24 Logged telemetry for Mock RTX 4080 on gpu-1
2025/09/10 22:36:26 Logged telemetry for Mock RTX 4080 on gpu-1
2025/09/10 22:36:26 Logged telemetry for Mock RTX 4090 on gpu-0
2025/09/10 22:36:26 Logged telemetry for Mock RTX 4070 on gpu-2
2025/09/10 22:36:27 No jobs in queue. Predicting idle period. Sending sleep command.
2025/09/10 22:36:27 Would send sleep command to GPU agent
2025/09/10 22:36:28 Logged telemetry for Mock RTX 4070 on gpu-2
2025/09/10 22:36:28 Logged telemetry for Mock RTX 4080 on gpu-1
2025/09/10 22:36:28 Logged telemetry for Mock RTX 4090 on gpu-0
2025/09/10 22:36:28 Added job to queue: ID=test-job-1, Type=training
2025/09/10 22:36:28 Failed to upgrade connection: websocket: the client is not using the websocket protocol: 'upgrade' token not found in 'Connection' header
2025/09/10 22:36:29 Added job to queue: ID=test-job-2, Type=inference
2025/09/10 22:36:29 Added job to queue: ID=test-job-3, Type=training
2025/09/10 22:36:29 Added job to queue: ID=perf-test, Type=training
2025/09/10 22:36:30 Logged telemetry for Mock RTX 4090 on gpu-0
2025/09/10 22:36:30 Logged telemetry for Mock RTX 4070 on gpu-2
2025/09/10 22:36:30 Logged telemetry for Mock RTX 4080 on gpu-1
2025/09/10 22:36:32 Logged telemetry for Mock RTX 4090 on gpu-0
2025/09/10 22:36:32 Logged telemetry for Mock RTX 4080 on gpu-1
2025/09/10 22:36:32 Logged telemetry for Mock RTX 4070 on gpu-2
2025/09/10 22:36:32 Attempting to schedule job test-job-1. Candidates: 3
2025/09/10 22:36:32 AI approved! Scheduling job test-job-1 on GPU .
2025/09/10 22:36:34 Logged telemetry for Mock RTX 4070 on gpu-2
2025/09/10 22:36:34 Logged telemetry for Mock RTX 4080 on gpu-1
2025/09/10 22:36:34 Logged telemetry for Mock RTX 4090 on gpu-0
2025/09/10 22:36:36 Logged telemetry for Mock RTX 4090 on gpu-0
2025/09/10 22:36:36 Logged telemetry for Mock RTX 4070 on gpu-2
2025/09/10 22:36:36 Logged telemetry for Mock RTX 4080 on gpu-1
2025/09/10 22:36:37 Attempting to schedule job test-job-2. Candidates: 3
2025/09/10 22:36:37 AI approved! Scheduling job test-job-2 on GPU .
2025/09/10 22:36:38 Logged telemetry for Mock RTX 4090 on gpu-0
2025/09/10 22:36:38 Logged telemetry for Mock RTX 4070 on gpu-2
2025/09/10 22:36:38 Logged telemetry for Mock RTX 4080 on gpu-1
2025/09/10 22:36:38 Dashboard connected.
2025/09/10 22:36:40 Logged telemetry for Mock RTX 4070 on gpu-2
2025/09/10 22:36:40 Logged telemetry for Mock RTX 4080 on gpu-1
2025/09/10 22:36:40 Logged telemetry for Mock RTX 4090 on gpu-0
2025/09/10 22:36:42 Logged telemetry for Mock RTX 4090 on gpu-0
2025/09/10 22:36:42 Logged telemetry for Mock RTX 4070 on gpu-2
2025/09/10 22:36:42 Logged telemetry for Mock RTX 4080 on gpu-1
2025/09/10 22:36:42 Attempting to schedule job test-job-3. Candidates: 3
2025/09/10 22:36:42 AI approved! Scheduling job test-job-3 on GPU .
2025/09/10 22:36:44 Logged telemetry for Mock RTX 4090 on gpu-0
2025/09/10 22:36:44 Logged telemetry for Mock RTX 4070 on gpu-2
2025/09/10 22:36:44 Logged telemetry for Mock RTX 4080 on gpu-1
2025/09/10 22:36:46 Logged telemetry for Mock RTX 4080 on gpu-1
2025/09/10 22:36:46 Logged telemetry for Mock RTX 4090 on gpu-0
2025/09/10 22:36:46 Logged telemetry for Mock RTX 4070 on gpu-2
2025/09/10 22:36:47 Attempting to schedule job perf-test. Candidates: 3
2025/09/10 22:36:47 AI approved! Scheduling job perf-test on GPU .
2025/09/10 22:36:48 Logged telemetry for Mock RTX 4070 on gpu-2
2025/09/10 22:36:48 Logged telemetry for Mock RTX 4080 on gpu-1
2025/09/10 22:36:48 Logged telemetry for Mock RTX 4090 on gpu-0
2025/09/10 22:36:50 Logged telemetry for Mock RTX 4090 on gpu-0
2025/09/10 22:36:50 Logged telemetry for Mock RTX 4070 on gpu-2
2025/09/10 22:36:50 Logged telemetry for Mock RTX 4080 on gpu-1
2025/09/10 22:36:52 Logged telemetry for Mock RTX 4090 on gpu-0
2025/09/10 22:36:52 Logged telemetry for Mock RTX 4080 on gpu-1
2025/09/10 22:36:52 Logged telemetry for Mock RTX 4070 on gpu-2
2025/09/10 22:36:52 No jobs in queue. Predicting idle period. Sending sleep command.
2025/09/10 22:36:52 Would send sleep command to GPU agent
2025/09/10 22:36:54 Logged telemetry for Mock RTX 4070 on gpu-2
2025/09/10 22:36:54 Logged telemetry for Mock RTX 4080 on gpu-1
2025/09/10 22:36:54 Logged telemetry for Mock RTX 4090 on gpu-0
2025/09/10 22:36:56 Logged telemetry for Mock RTX 4090 on gpu-0
2025/09/10 22:36:56 Logged telemetry for Mock RTX 4070 on gpu-2
2025/09/10 22:36:56 Logged telemetry for Mock RTX 4080 on gpu-1
2025/09/10 22:36:57 No jobs in queue. Predicting idle period. Sending sleep command.
2025/09/10 22:36:57 Would send sleep command to GPU agent
2025/09/10 22:36:58 Logged telemetry for Mock RTX 4080 on gpu-1
2025/09/10 22:36:58 Logged telemetry for Mock RTX 4090 on gpu-0
2025/09/10 22:36:58 Logged telemetry for Mock RTX 4070 on gpu-2
2025/09/10 22:37:00 Logged telemetry for Mock RTX 4080 on gpu-1
2025/09/10 22:37:00 Logged telemetry for Mock RTX 4070 on gpu-2
2025/09/10 22:37:00 Logged telemetry for Mock RTX 4090 on gpu-0
2025/09/10 22:37:02 Logged telemetry for Mock RTX 4090 on gpu-0
2025/09/10 22:37:02 Logged telemetry for Mock RTX 4070 on gpu-2
2025/09/10 22:37:02 Logged telemetry for Mock RTX 4080 on gpu-1
2025/09/10 22:37:02 No jobs in queue. Predicting idle period. Sending sleep command.
2025/09/10 22:37:02 Would send sleep command to GPU agent
2025/09/10 22:37:04 Logged telemetry for Mock RTX 4090 on gpu-0
2025/09/10 22:37:04 Logged telemetry for Mock RTX 4080 on gpu-1
2025/09/10 22:37:04 Logged telemetry for Mock RTX 4070 on gpu-2
2025/09/10 22:37:06 Logged telemetry for Mock RTX 4070 on gpu-2
2025/09/10 22:37:06 Logged telemetry for Mock RTX 4080 on gpu-1
2025/09/10 22:37:06 Logged telemetry for Mock RTX 4090 on gpu-0
2025/09/10 22:37:07 No jobs in queue. Predicting idle period. Sending sleep command.
2025/09/10 22:37:07 Would send sleep command to GPU agent
2025/09/10 22:37:08 Logged telemetry for Mock RTX 4090 on gpu-0
2025/09/10 22:37:08 Logged telemetry for Mock RTX 4070 on gpu-2
2025/09/10 22:37:08 Logged telemetry for Mock RTX 4080 on gpu-1
2025/09/10 22:37:10 Logged telemetry for Mock RTX 4080 on gpu-1
2025/09/10 22:37:10 Logged telemetry for Mock RTX 4090 on gpu-0
2025/09/10 22:37:10 Logged telemetry for Mock RTX 4070 on gpu-2
2025/09/10 22:37:12 Logged telemetry for Mock RTX 4070 on gpu-2
2025/09/10 22:37:12 Logged telemetry for Mock RTX 4080 on gpu-1
2025/09/10 22:37:12 Logged telemetry for Mock RTX 4090 on gpu-0
2025/09/10 22:37:12 No jobs in queue. Predicting idle period. Sending sleep command.
2025/09/10 22:37:12 Would send sleep command to GPU agent
2025/09/10 22:37:14 Logged telemetry for Mock RTX 4090 on gpu-0
2025/09/10 22:37:14 Logged telemetry for Mock RTX 4070 on gpu-2
2025/09/10 22:37:14 Logged telemetry for Mock RTX 4080 on gpu-1
2025/09/10 22:37:16 Logged telemetry for Mock RTX 4070 on gpu-2
2025/09/10 22:37:16 Logged telemetry for Mock RTX 4090 on gpu-0
2025/09/10 22:37:16 Logged telemetry for Mock RTX 4080 on gpu-1
2025/09/10 22:37:17 No jobs in queue. Predicting idle period. Sending sleep command.
2025/09/10 22:37:17 Would send sleep command to GPU agent
2025/09/10 22:37:18 Logged telemetry for Mock RTX 4080 on gpu-1
2025/09/10 22:37:18 Logged telemetry for Mock RTX 4090 on gpu-0
2025/09/10 22:37:18 Logged telemetry for Mock RTX 4070 on gpu-2
2025/09/10 22:37:20 Logged telemetry for Mock RTX 4080 on gpu-1
2025/09/10 22:37:20 Logged telemetry for Mock RTX 4070 on gpu-2
2025/09/10 22:37:20 Logged telemetry for Mock RTX 4090 on gpu-0
2025/09/10 22:37:22 Logged telemetry for Mock RTX 4090 on gpu-0
2025/09/10 22:37:22 Logged telemetry for Mock RTX 4070 on gpu-2
2025/09/10 22:37:22 Logged telemetry for Mock RTX 4080 on gpu-1
2025/09/10 22:37:22 No jobs in queue. Predicting idle period. Sending sleep command.
2025/09/10 22:37:22 Would send sleep command to GPU agent
2025/09/10 22:37:24 Logged telemetry for Mock RTX 4080 on gpu-1
2025/09/10 22:37:24 Logged telemetry for Mock RTX 4090 on gpu-0
2025/09/10 22:37:24 Logged telemetry for Mock RTX 4070 on gpu-2
2025/09/10 22:37:26 Logged telemetry for Mock RTX 4080 on gpu-1
2025/09/10 22:37:26 Logged telemetry for Mock RTX 4070 on gpu-2
2025/09/10 22:37:26 Logged telemetry for Mock RTX 4090 on gpu-0
2025/09/10 22:37:27 No jobs in queue. Predicting idle period. Sending sleep command.
2025/09/10 22:37:27 Would send sleep command to GPU agent
2025/09/10 22:37:28 Logged telemetry for Mock RTX 4090 on gpu-0
2025/09/10 22:37:28 Logged telemetry for Mock RTX 4070 on gpu-2
2025/09/10 22:37:28 Logged telemetry for Mock RTX 4080 on gpu-1
2025/09/10 22:37:30 Logged telemetry for Mock RTX 4080 on gpu-1
2025/09/10 22:37:30 Logged telemetry for Mock RTX 4090 on gpu-0
2025/09/10 22:37:30 Logged telemetry for Mock RTX 4070 on gpu-2
2025/09/10 22:37:32 Logged telemetry for Mock RTX 4070 on gpu-2
2025/09/10 22:37:32 Logged telemetry for Mock RTX 4080 on gpu-1
2025/09/10 22:37:32 Logged telemetry for Mock RTX 4090 on gpu-0
2025/09/10 22:37:32 No jobs in queue. Predicting idle period. Sending sleep command.
2025/09/10 22:37:32 Would send sleep command to GPU agent
2025/09/10 22:37:34 Logged telemetry for Mock RTX 4070 on gpu-2
2025/09/10 22:37:34 Logged telemetry for Mock RTX 4090 on gpu-0
2025/09/10 22:37:34 Logged telemetry for Mock RTX 4080 on gpu-1
2025/09/10 22:37:36 Logged telemetry for Mock RTX 4080 on gpu-1
2025/09/10 22:37:36 Logged telemetry for Mock RTX 4070 on gpu-2
2025/09/10 22:37:36 Logged telemetry for Mock RTX 4090 on gpu-0
2025/09/10 22:37:37 No jobs in queue. Predicting idle period. Sending sleep command.
2025/09/10 22:37:37 Would send sleep command to GPU agent
2025/09/10 22:37:38 Logged telemetry for Mock RTX 4080 on gpu-1
2025/09/10 22:37:38 Logged telemetry for Mock RTX 4090 on gpu-0
2025/09/10 22:37:38 Logged telemetry for Mock RTX 4070 on gpu-2
2025/09/10 22:37:40 Logged telemetry for Mock RTX 4070 on gpu-2
2025/09/10 22:37:40 Logged telemetry for Mock RTX 4090 on gpu-0
2025/09/10 22:37:40 Logged telemetry for Mock RTX 4080 on gpu-1
2025/09/10 22:37:42 Logged telemetry for Mock RTX 4070 on gpu-2
2025/09/10 22:37:42 Logged telemetry for Mock RTX 4080 on gpu-1
2025/09/10 22:37:42 Logged telemetry for Mock RTX 4090 on gpu-0
2025/09/10 22:37:42 No jobs in queue. Predicting idle period. Sending sleep command.
2025/09/10 22:37:42 Would send sleep command to GPU agent
2025/09/10 22:37:44 Logged telemetry for Mock RTX 4070 on gpu-2
2025/09/10 22:37:44 Logged telemetry for Mock RTX 4080 on gpu-1
2025/09/10 22:37:44 Logged telemetry for Mock RTX 4090 on gpu-0
2025/09/10 22:37:46 Logged telemetry for Mock RTX 4070 on gpu-2
2025/09/10 22:37:46 Logged telemetry for Mock RTX 4090 on gpu-0
2025/09/10 22:37:46 Logged telemetry for Mock RTX 4080 on gpu-1
2025/09/10 22:37:47 No jobs in queue. Predicting idle period. Sending sleep command.
2025/09/10 22:37:47 Would send sleep command to GPU agent
2025/09/10 22:37:48 Logged telemetry for Mock RTX 4090 on gpu-0
2025/09/10 22:37:48 Logged telemetry for Mock RTX 4080 on gpu-1
2025/09/10 22:37:48 Logged telemetry for Mock RTX 4070 on gpu-2
2025/09/10 22:37:50 Logged telemetry for Mock RTX 4080 on gpu-1
2025/09/10 22:37:50 Logged telemetry for Mock RTX 4070 on gpu-2
2025/09/10 22:37:50 Logged telemetry for Mock RTX 4090 on gpu-0
2025/09/10 22:37:52 Logged telemetry for Mock RTX 4090 on gpu-0
2025/09/10 22:37:52 Logged telemetry for Mock RTX 4080 on gpu-1
2025/09/10 22:37:52 Logged telemetry for Mock RTX 4070 on gpu-2
2025/09/10 22:37:52 No jobs in queue. Predicting idle period. Sending sleep command.
2025/09/10 22:37:52 Would send sleep command to GPU agent
2025/09/10 22:37:54 Logged telemetry for Mock RTX 4070 on gpu-2
2025/09/10 22:37:54 Logged telemetry for Mock RTX 4080 on gpu-1
2025/09/10 22:37:54 Logged telemetry for Mock RTX 4090 on gpu-0
2025/09/10 22:37:56 Logged telemetry for Mock RTX 4070 on gpu-2
2025/09/10 22:37:56 Logged telemetry for Mock RTX 4090 on gpu-0
2025/09/10 22:37:56 Logged telemetry for Mock RTX 4080 on gpu-1
2025/09/10 22:37:57 No jobs in queue. Predicting idle period. Sending sleep command.
2025/09/10 22:37:57 Would send sleep command to GPU agent
2025/09/10 22:37:58 Logged telemetry for Mock RTX 4080 on gpu-1
2025/09/10 22:37:58 Logged telemetry for Mock RTX 4090 on gpu-0
2025/09/10 22:37:58 Logged telemetry for Mock RTX 4070 on gpu-2
2025/09/10 22:38:00 Logged telemetry for Mock RTX 4090 on gpu-0
2025/09/10 22:38:00 Logged telemetry for Mock RTX 4070 on gpu-2
2025/09/10 22:38:00 Logged telemetry for Mock RTX 4080 on gpu-1
2025/09/10 22:38:02 Logged telemetry for Mock RTX 4080 on gpu-1
2025/09/10 22:38:02 Logged telemetry for Mock RTX 4090 on gpu-0
2025/09/10 22:38:02 Logged telemetry for Mock RTX 4070 on gpu-2
2025/09/10 22:38:02 No jobs in queue. Predicting idle period. Sending sleep command.
2025/09/10 22:38:02 Would send sleep command to GPU agent
2025/09/10 22:38:03 Dashboard connected.
2025/09/10 22:38:04 Logged telemetry for Mock RTX 4070 on gpu-2
2025/09/10 22:38:04 Logged telemetry for Mock RTX 4080 on gpu-1
2025/09/10 22:38:04 Logged telemetry for Mock RTX 4090 on gpu-0
2025/09/10 22:38:06 Logged telemetry for Mock RTX 4090 on gpu-0
2025/09/10 22:38:06 Logged telemetry for Mock RTX 4070 on gpu-2
2025/09/10 22:38:06 Logged telemetry for Mock RTX 4080 on gpu-1
2025/09/10 22:38:07 No jobs in queue. Predicting idle period. Sending sleep command.
2025/09/10 22:38:07 Would send sleep command to GPU agent
2025/09/10 22:38:08 Logged telemetry for Mock RTX 4080 on gpu-1
2025/09/10 22:38:08 Logged telemetry for Mock RTX 4070 on gpu-2
2025/09/10 22:38:08 Logged telemetry for Mock RTX 4090 on gpu-0
2025/09/10 22:38:10 Logged telemetry for Mock RTX 4090 on gpu-0
2025/09/10 22:38:10 Logged telemetry for Mock RTX 4070 on gpu-2
2025/09/10 22:38:10 Logged telemetry for Mock RTX 4080 on gpu-1
2025/09/10 22:38:12 Logged telemetry for Mock RTX 4070 on gpu-2
2025/09/10 22:38:12 Logged telemetry for Mock RTX 4090 on gpu-0
2025/09/10 22:38:12 Logged telemetry for Mock RTX 4080 on gpu-1
2025/09/10 22:38:12 No jobs in queue. Predicting idle period. Sending sleep command.
2025/09/10 22:38:12 Would send sleep command to GPU agent
2025/09/10 22:38:14 Logged telemetry for Mock RTX 4080 on gpu-1
2025/09/10 22:38:14 Logged telemetry for Mock RTX 4090 on gpu-0
2025/09/10 22:38:14 Logged telemetry for Mock RTX 4070 on gpu-2
2025/09/10 22:38:16 Logged telemetry for Mock RTX 4070 on gpu-2
2025/09/10 22:38:16 Logged telemetry for Mock RTX 4090 on gpu-0
2025/09/10 22:38:16 Logged telemetry for Mock RTX 4080 on gpu-1
2025/09/10 22:38:17 No jobs in queue. Predicting idle period. Sending sleep command.
2025/09/10 22:38:17 Would send sleep command to GPU agent
2025/09/10 22:38:18 Logged telemetry for Mock RTX 4080 on gpu-1
2025/09/10 22:38:18 Logged telemetry for Mock RTX 4070 on gpu-2
2025/09/10 22:38:18 Logged telemetry for Mock RTX 4090 on gpu-0
2025/09/10 22:38:20 Logged telemetry for Mock RTX 4090 on gpu-0
2025/09/10 22:38:20 Logged telemetry for Mock RTX 4080 on gpu-1
2025/09/10 22:38:20 Logged telemetry for Mock RTX 4070 on gpu-2
2025/09/10 22:38:22 Logged telemetry for Mock RTX 4070 on gpu-2
2025/09/10 22:38:22 Logged telemetry for Mock RTX 4090 on gpu-0
2025/09/10 22:38:22 Logged telemetry for Mock RTX 4080 on gpu-1
2025/09/10 22:38:22 No jobs in queue. Predicting idle period. Sending sleep command.
2025/09/10 22:38:22 Would send sleep command to GPU agent
2025/09/10 22:38:24 Logged telemetry for Mock RTX 4070 on gpu-2
2025/09/10 22:38:24 Logged telemetry for Mock RTX 4090 on gpu-0
2025/09/10 22:38:24 Logged telemetry for Mock RTX 4080 on gpu-1
2025/09/10 22:38:26 Logged telemetry for Mock RTX 4080 on gpu-1
2025/09/10 22:38:26 Logged telemetry for Mock RTX 4090 on gpu-0
2025/09/10 22:38:26 Logged telemetry for Mock RTX 4070 on gpu-2
2025/09/10 22:38:26 Dashboard disconnected.
2025/09/10 22:38:27 No jobs in queue. Predicting idle period. Sending sleep command.
2025/09/10 22:38:27 Would send sleep command to GPU agent
2025/09/10 22:38:28 Logged telemetry for Mock RTX 4070 on gpu-2
2025/09/10 22:38:28 Logged telemetry for Mock RTX 4080 on gpu-1
2025/09/10 22:38:28 Logged telemetry for Mock RTX 4090 on gpu-0
2025/09/10 22:38:30 Logged telemetry for Mock RTX 4090 on gpu-0
2025/09/10 22:38:30 Logged telemetry for Mock RTX 4070 on gpu-2
2025/09/10 22:38:30 Logged telemetry for Mock RTX 4080 on gpu-1
2025/09/10 22:38:32 Logged telemetry for Mock RTX 4080 on gpu-1
2025/09/10 22:38:32 Logged telemetry for Mock RTX 4090 on gpu-0
2025/09/10 22:38:32 Logged telemetry for Mock RTX 4070 on gpu-2
2025/09/10 22:38:32 No jobs in queue. Predicting idle period. Sending sleep command.
2025/09/10 22:38:32 Would send sleep command to GPU agent
2025/09/10 22:38:34 Logged telemetry for Mock RTX 4070 on gpu-2
2025/09/10 22:38:34 Logged telemetry for Mock RTX 4080 on gpu-1
2025/09/10 22:38:34 Logged telemetry for Mock RTX 4090 on gpu-0
2025/09/10 22:38:36 Logged telemetry for Mock RTX 4090 on gpu-0
2025/09/10 22:38:36 Logged telemetry for Mock RTX 4070 on gpu-2
2025/09/10 22:38:36 Logged telemetry for Mock RTX 4080 on gpu-1
2025/09/10 22:38:37 No jobs in queue. Predicting idle period. Sending sleep command.
2025/09/10 22:38:37 Would send sleep command to GPU agent
2025/09/10 22:38:38 Logged telemetry for Mock RTX 4090 on gpu-0
2025/09/10 22:38:38 Logged telemetry for Mock RTX 4080 on gpu-1
2025/09/10 22:38:38 Logged telemetry for Mock RTX 4070 on gpu-2
2025/09/10 22:38:40 Logged telemetry for Mock RTX 4070 on gpu-2
2025/09/10 22:38:40 Logged telemetry for Mock RTX 4090 on gpu-0
2025/09/10 22:38:40 Logged telemetry for Mock RTX 4080 on gpu-1
2025/09/10 22:38:42 Logged telemetry for Mock RTX 4080 on gpu-1
2025/09/10 22:38:42 Logged telemetry for Mock RTX 4090 on gpu-0
2025/09/10 22:38:42 Logged telemetry for Mock RTX 4070 on gpu-2
2025/09/10 22:38:42 No jobs in queue. Predicting idle period. Sending sleep command.
2025/09/10 22:38:42 Would send sleep command to GPU agent
2025/09/10 22:38:44 Logged telemetry for Mock RTX 4080 on gpu-1
2025/09/10 22:38:44 Logged telemetry for Mock RTX 4070 on gpu-2
2025/09/10 22:38:44 Logged telemetry for Mock RTX 4090 on gpu-0
2025/09/10 22:38:46 Logged telemetry for Mock RTX 4090 on gpu-0
2025/09/10 22:38:46 Logged telemetry for Mock RTX 4080 on gpu-1
2025/09/10 22:38:46 Logged telemetry for Mock RTX 4070 on gpu-2
2025/09/10 22:38:47 No jobs in queue. Predicting idle period. Sending sleep command.
2025/09/10 22:38:47 Would send sleep command to GPU agent
2025/09/10 22:38:48 Logged telemetry for Mock RTX 4070 on gpu-2
2025/09/10 22:38:48 Logged telemetry for Mock RTX 4090 on gpu-0
2025/09/10 22:38:48 Logged telemetry for Mock RTX 4080 on gpu-1
2025/09/10 22:38:50 Logged telemetry for Mock RTX 4080 on gpu-1
2025/09/10 22:38:50 Logged telemetry for Mock RTX 4070 on gpu-2
2025/09/10 22:38:50 Logged telemetry for Mock RTX 4090 on gpu-0
2025/09/10 22:38:52 Logged telemetry for Mock RTX 4090 on gpu-0
2025/09/10 22:38:52 Logged telemetry for Mock RTX 4080 on gpu-1
2025/09/10 22:38:52 Logged telemetry for Mock RTX 4070 on gpu-2
2025/09/10 22:38:52 No jobs in queue. Predicting idle period. Sending sleep command.
2025/09/10 22:38:52 Would send sleep command to GPU agent
2025/09/10 22:38:54 Logged telemetry for Mock RTX 4070 on gpu-2
2025/09/10 22:38:54 Logged telemetry for Mock RTX 4090 on gpu-0
2025/09/10 22:38:54 Logged telemetry for Mock RTX 4080 on gpu-1
2025/09/10 22:38:56 Logged telemetry for Mock RTX 4080 on gpu-1
2025/09/10 22:38:56 Logged telemetry for Mock RTX 4070 on gpu-2
2025/09/10 22:38:56 Logged telemetry for Mock RTX 4090 on gpu-0
2025/09/10 22:38:57 No jobs in queue. Predicting idle period. Sending sleep command.
2025/09/10 22:38:57 Would send sleep command to GPU agent
2025/09/10 22:38:58 Logged telemetry for Mock RTX 4090 on gpu-0
2025/09/10 22:38:58 Logged telemetry for Mock RTX 4080 on gpu-1
2025/09/10 22:38:58 Logged telemetry for Mock RTX 4070 on gpu-2
2025/09/10 22:39:00 Logged telemetry for Mock RTX 4070 on gpu-2
2025/09/10 22:39:00 Logged telemetry for Mock RTX 4090 on gpu-0
2025/09/10 22:39:00 Logged telemetry for Mock RTX 4080 on gpu-1
2025/09/10 22:39:01 Dashboard connected.
2025/09/10 22:39:02 Logged telemetry for Mock RTX 4090 on gpu-0
2025/09/10 22:39:02 Logged telemetry for Mock RTX 4070 on gpu-2
2025/09/10 22:39:02 Logged telemetry for Mock RTX 4080 on gpu-1
2025/09/10 22:39:02 No jobs in queue. Predicting idle period. Sending sleep command.
2025/09/10 22:39:02 Would send sleep command to GPU agent
2025/09/10 22:39:04 Logged telemetry for Mock RTX 4080 on gpu-1
2025/09/10 22:39:04 Logged telemetry for Mock RTX 4070 on gpu-2
2025/09/10 22:39:04 Logged telemetry for Mock RTX 4090 on gpu-0
2025/09/10 22:39:06 Logged telemetry for Mock RTX 4090 on gpu-0
2025/09/10 22:39:06 Logged telemetry for Mock RTX 4080 on gpu-1
2025/09/10 22:39:06 Logged telemetry for Mock RTX 4070 on gpu-2
2025/09/10 22:39:07 No jobs in queue. Predicting idle period. Sending sleep command.
2025/09/10 22:39:07 Would send sleep command to GPU agent
2025/09/10 22:39:08 Logged telemetry for Mock RTX 4070 on gpu-2
2025/09/10 22:39:08 Logged telemetry for Mock RTX 4090 on gpu-0
2025/09/10 22:39:08 Logged telemetry for Mock RTX 4080 on gpu-1
2025/09/10 22:39:10 Logged telemetry for Mock RTX 4080 on gpu-1
2025/09/10 22:39:10 Logged telemetry for Mock RTX 4070 on gpu-2
2025/09/10 22:39:10 Logged telemetry for Mock RTX 4090 on gpu-0
2025/09/10 22:39:12 Logged telemetry for Mock RTX 4090 on gpu-0
2025/09/10 22:39:12 Logged telemetry for Mock RTX 4080 on gpu-1
2025/09/10 22:39:12 Logged telemetry for Mock RTX 4070 on gpu-2
2025/09/10 22:39:12 No jobs in queue. Predicting idle period. Sending sleep command.
2025/09/10 22:39:12 Would send sleep command to GPU agent
2025/09/10 22:39:14 Logged telemetry for Mock RTX 4070 on gpu-2
2025/09/10 22:39:14 Logged telemetry for Mock RTX 4090 on gpu-0
2025/09/10 22:39:14 Logged telemetry for Mock RTX 4080 on gpu-1
2025/09/10 22:39:16 Logged telemetry for Mock RTX 4080 on gpu-1
2025/09/10 22:39:16 Logged telemetry for Mock RTX 4070 on gpu-2
2025/09/10 22:39:16 Logged telemetry for Mock RTX 4090 on gpu-0
2025/09/10 22:39:17 No jobs in queue. Predicting idle period. Sending sleep command.
2025/09/10 22:39:17 Would send sleep command to GPU agent
2025/09/10 22:39:18 Logged telemetry for Mock RTX 4070 on gpu-2
2025/09/10 22:39:18 Logged telemetry for Mock RTX 4090 on gpu-0
2025/09/10 22:39:18 Logged telemetry for Mock RTX 4080 on gpu-1
2025/09/10 22:39:20 Logged telemetry for Mock RTX 4070 on gpu-2
2025/09/10 22:39:20 Logged telemetry for Mock RTX 4090 on gpu-0
2025/09/10 22:39:20 Logged telemetry for Mock RTX 4080 on gpu-1
2025/09/10 22:39:22 Logged telemetry for Mock RTX 4070 on gpu-2
2025/09/10 22:39:22 Logged telemetry for Mock RTX 4090 on gpu-0
2025/09/10 22:39:22 Logged telemetry for Mock RTX 4080 on gpu-1
2025/09/10 22:39:22 No jobs in queue. Predicting idle period. Sending sleep command.
2025/09/10 22:39:22 Would send sleep command to GPU agent
2025/09/10 22:39:23 Dashboard disconnected.
2025/09/10 22:39:24 Logged telemetry for Mock RTX 4080 on gpu-1
2025/09/10 22:39:24 Logged telemetry for Mock RTX 4070 on gpu-2
2025/09/10 22:39:24 Logged telemetry for Mock RTX 4090 on gpu-0
2025/09/10 22:39:26 Logged telemetry for Mock RTX 4080 on gpu-1
2025/09/10 22:39:26 Logged telemetry for Mock RTX 4090 on gpu-0
2025/09/10 22:39:26 Logged telemetry for Mock RTX 4070 on gpu-2
2025/09/10 22:39:27 No jobs in queue. Predicting idle period. Sending sleep command.
2025/09/10 22:39:27 Would send sleep command to GPU agent
2025/09/10 22:39:28 Logged telemetry for Mock RTX 4070 on gpu-2
2025/09/10 22:39:28 Logged telemetry for Mock RTX 4080 on gpu-1
2025/09/10 22:39:28 Logged telemetry for Mock RTX 4090 on gpu-0
2025/09/10 22:39:30 Logged telemetry for Mock RTX 4070 on gpu-2
2025/09/10 22:39:30 Logged telemetry for Mock RTX 4080 on gpu-1
2025/09/10 22:39:30 Logged telemetry for Mock RTX 4090 on gpu-0
2025/09/10 22:39:32 Logged telemetry for Mock RTX 4090 on gpu-0
2025/09/10 22:39:32 Logged telemetry for Mock RTX 4070 on gpu-2
2025/09/10 22:39:32 Logged telemetry for Mock RTX 4080 on gpu-1
2025/09/10 22:39:32 No jobs in queue. Predicting idle period. Sending sleep command.
2025/09/10 22:39:32 Would send sleep command to GPU agent
2025/09/10 22:39:34 Logged telemetry for Mock RTX 4080 on gpu-1
2025/09/10 22:39:34 Logged telemetry for Mock RTX 4090 on gpu-0
2025/09/10 22:39:34 Logged telemetry for Mock RTX 4070 on gpu-2
2025/09/10 22:39:36 Logged telemetry for Mock RTX 4070 on gpu-2
2025/09/10 22:39:36 Logged telemetry for Mock RTX 4080 on gpu-1
2025/09/10 22:39:36 Logged telemetry for Mock RTX 4090 on gpu-0
2025/09/10 22:39:37 No jobs in queue. Predicting idle period. Sending sleep command.
2025/09/10 22:39:37 Would send sleep command to GPU agent
2025/09/10 22:39:38 Logged telemetry for Mock RTX 4070 on gpu-2
2025/09/10 22:39:38 Logged telemetry for Mock RTX 4090 on gpu-0
2025/09/10 22:39:38 Logged telemetry for Mock RTX 4080 on gpu-1
2025/09/10 22:39:40 Logged telemetry for Mock RTX 4080 on gpu-1
2025/09/10 22:39:40 Logged telemetry for Mock RTX 4090 on gpu-0
2025/09/10 22:39:40 Logged telemetry for Mock RTX 4070 on gpu-2
2025/09/10 22:39:42 Logged telemetry for Mock RTX 4070 on gpu-2
2025/09/10 22:39:42 Logged telemetry for Mock RTX 4090 on gpu-0
2025/09/10 22:39:42 Logged telemetry for Mock RTX 4080 on gpu-1
2025/09/10 22:39:42 No jobs in queue. Predicting idle period. Sending sleep command.
2025/09/10 22:39:42 Would send sleep command to GPU agent
2025/09/10 22:39:44 Logged telemetry for Mock RTX 4080 on gpu-1
2025/09/10 22:39:44 Logged telemetry for Mock RTX 4070 on gpu-2
2025/09/10 22:39:44 Logged telemetry for Mock RTX 4090 on gpu-0
2025/09/10 22:39:46 Logged telemetry for Mock RTX 4070 on gpu-2
2025/09/10 22:39:46 Logged telemetry for Mock RTX 4090 on gpu-0
2025/09/10 22:39:46 Logged telemetry for Mock RTX 4080 on gpu-1
2025/09/10 22:39:47 No jobs in queue. Predicting idle period. Sending sleep command.
2025/09/10 22:39:47 Would send sleep command to GPU agent
2025/09/10 22:39:48 Logged telemetry for Mock RTX 4080 on gpu-1
2025/09/10 22:39:48 Logged telemetry for Mock RTX 4090 on gpu-0
2025/09/10 22:39:48 Logged telemetry for Mock RTX 4070 on gpu-2
2025/09/10 22:39:50 Logged telemetry for Mock RTX 4070 on gpu-2
2025/09/10 22:39:50 Logged telemetry for Mock RTX 4080 on gpu-1
2025/09/10 22:39:50 Logged telemetry for Mock RTX 4090 on gpu-0
2025/09/10 22:39:52 Logged telemetry for Mock RTX 4070 on gpu-2
2025/09/10 22:39:52 Logged telemetry for Mock RTX 4090 on gpu-0
2025/09/10 22:39:52 Logged telemetry for Mock RTX 4080 on gpu-1
2025/09/10 22:39:52 No jobs in queue. Predicting idle period. Sending sleep command.
2025/09/10 22:39:52 Would send sleep command to GPU agent
2025/09/10 22:39:54 Logged telemetry for Mock RTX 4070 on gpu-2
2025/09/10 22:39:54 Logged telemetry for Mock RTX 4090 on gpu-0
2025/09/10 22:39:54 Logged telemetry for Mock RTX 4080 on gpu-1
2025/09/10 22:39:56 Logged telemetry for Mock RTX 4070 on gpu-2
2025/09/10 22:39:56 Logged telemetry for Mock RTX 4080 on gpu-1
2025/09/10 22:39:56 Logged telemetry for Mock RTX 4090 on gpu-0
2025/09/10 22:39:57 No jobs in queue. Predicting idle period. Sending sleep command.
2025/09/10 22:39:57 Would send sleep command to GPU agent
2025/09/10 22:39:58 Logged telemetry for Mock RTX 4080 on gpu-1
2025/09/10 22:39:58 Logged telemetry for Mock RTX 4090 on gpu-0
2025/09/10 22:39:58 Logged telemetry for Mock RTX 4070 on gpu-2
2025/09/10 22:40:00 Logged telemetry for Mock RTX 4070 on gpu-2
2025/09/10 22:40:00 Logged telemetry for Mock RTX 4080 on gpu-1
2025/09/10 22:40:00 Logged telemetry for Mock RTX 4090 on gpu-0
2025/09/10 22:40:02 Logged telemetry for Mock RTX 4090 on gpu-0
2025/09/10 22:40:02 Logged telemetry for Mock RTX 4070 on gpu-2
2025/09/10 22:40:02 Logged telemetry for Mock RTX 4080 on gpu-1
2025/09/10 22:40:02 No jobs in queue. Predicting idle period. Sending sleep command.
2025/09/10 22:40:02 Would send sleep command to GPU agent
2025/09/10 22:40:04 Logged telemetry for Mock RTX 4080 on gpu-1
2025/09/10 22:40:04 Logged telemetry for Mock RTX 4090 on gpu-0
2025/09/10 22:40:04 Logged telemetry for Mock RTX 4070 on gpu-2
2025/09/10 22:40:06 Logged telemetry for Mock RTX 4070 on gpu-2
2025/09/10 22:40:06 Logged telemetry for Mock RTX 4080 on gpu-1
2025/09/10 22:40:06 Logged telemetry for Mock RTX 4090 on gpu-0
2025/09/10 22:40:07 No jobs in queue. Predicting idle period. Sending sleep command.
2025/09/10 22:40:07 Would send sleep command to GPU agent
2025/09/10 22:40:08 Logged telemetry for Mock RTX 4090 on gpu-0
2025/09/10 22:40:08 Logged telemetry for Mock RTX 4070 on gpu-2
2025/09/10 22:40:08 Logged telemetry for Mock RTX 4080 on gpu-1
2025/09/10 22:40:10 Logged telemetry for Mock RTX 4080 on gpu-1
2025/09/10 22:40:10 Logged telemetry for Mock RTX 4090 on gpu-0
2025/09/10 22:40:10 Logged telemetry for Mock RTX 4070 on gpu-2
2025/09/10 22:40:12 Logged telemetry for Mock RTX 4070 on gpu-2
2025/09/10 22:40:12 Logged telemetry for Mock RTX 4080 on gpu-1
2025/09/10 22:40:12 Logged telemetry for Mock RTX 4090 on gpu-0
2025/09/10 22:40:12 No jobs in queue. Predicting idle period. Sending sleep command.
2025/09/10 22:40:12 Would send sleep command to GPU agent
2025/09/10 22:40:14 Logged telemetry for Mock RTX 4070 on gpu-2
2025/09/10 22:40:14 Logged telemetry for Mock RTX 4090 on gpu-0
2025/09/10 22:40:14 Logged telemetry for Mock RTX 4080 on gpu-1
2025/09/10 22:40:16 Logged telemetry for Mock RTX 4080 on gpu-1
2025/09/10 22:40:16 Logged telemetry for Mock RTX 4090 on gpu-0
2025/09/10 22:40:16 Logged telemetry for Mock RTX 4070 on gpu-2
2025/09/10 22:40:17 No jobs in queue. Predicting idle period. Sending sleep command.
2025/09/10 22:40:17 Would send sleep command to GPU agent
2025/09/10 22:40:18 Logged telemetry for Mock RTX 4070 on gpu-2
2025/09/10 22:40:18 Logged telemetry for Mock RTX 4080 on gpu-1
2025/09/10 22:40:18 Logged telemetry for Mock RTX 4090 on gpu-0
2025/09/10 22:40:20 Logged telemetry for Mock RTX 4090 on gpu-0
2025/09/10 22:40:20 Logged telemetry for Mock RTX 4080 on gpu-1
2025/09/10 22:40:20 Logged telemetry for Mock RTX 4070 on gpu-2
2025/09/10 22:40:22 Logged telemetry for Mock RTX 4070 on gpu-2
2025/09/10 22:40:22 Logged telemetry for Mock RTX 4080 on gpu-1
2025/09/10 22:40:22 Logged telemetry for Mock RTX 4090 on gpu-0
2025/09/10 22:40:22 No jobs in queue. Predicting idle period. Sending sleep command.
2025/09/10 22:40:22 Would send sleep command to GPU agent
2025/09/10 22:40:24 Logged telemetry for Mock RTX 4090 on gpu-0
2025/09/10 22:40:24 Logged telemetry for Mock RTX 4070 on gpu-2
2025/09/10 22:40:24 Logged telemetry for Mock RTX 4080 on gpu-1
2025/09/10 22:40:26 Logged telemetry for Mock RTX 4080 on gpu-1
2025/09/10 22:40:26 Logged telemetry for Mock RTX 4090 on gpu-0
2025/09/10 22:40:26 Logged telemetry for Mock RTX 4070 on gpu-2
2025/09/10 22:40:27 No jobs in queue. Predicting idle period. Sending sleep command.
2025/09/10 22:40:27 Would send sleep command to GPU agent
2025/09/10 22:40:28 Logged telemetry for Mock RTX 4070 on gpu-2
2025/09/10 22:40:28 Logged telemetry for Mock RTX 4090 on gpu-0
2025/09/10 22:40:28 Logged telemetry for Mock RTX 4080 on gpu-1
2025/09/10 22:40:30 Logged telemetry for Mock RTX 4070 on gpu-2
2025/09/10 22:40:30 Logged telemetry for Mock RTX 4080 on gpu-1
2025/09/10 22:40:30 Logged telemetry for Mock RTX 4090 on gpu-0
2025/09/10 22:40:32 Logged telemetry for Mock RTX 4090 on gpu-0
2025/09/10 22:40:32 Logged telemetry for Mock RTX 4070 on gpu-2
2025/09/10 22:40:32 Logged telemetry for Mock RTX 4080 on gpu-1
2025/09/10 22:40:32 No jobs in queue. Predicting idle period. Sending sleep command.
2025/09/10 22:40:32 Would send sleep command to GPU agent
2025/09/10 22:40:34 Logged telemetry for Mock RTX 4090 on gpu-0
2025/09/10 22:40:34 Logged telemetry for Mock RTX 4080 on gpu-1
2025/09/10 22:40:34 Logged telemetry for Mock RTX 4070 on gpu-2
2025/09/10 22:40:36 Logged telemetry for Mock RTX 4070 on gpu-2
2025/09/10 22:40:36 Logged telemetry for Mock RTX 4080 on gpu-1
2025/09/10 22:40:36 Logged telemetry for Mock RTX 4090 on gpu-0
2025/09/10 22:40:37 No jobs in queue. Predicting idle period. Sending sleep command.
2025/09/10 22:40:37 Would send sleep command to GPU agent
2025/09/10 22:40:38 Logged telemetry for Mock RTX 4090 on gpu-0
2025/09/10 22:40:38 Logged telemetry for Mock RTX 4070 on gpu-2
2025/09/10 22:40:38 Logged telemetry for Mock RTX 4080 on gpu-1
2025/09/10 22:40:40 Logged telemetry for Mock RTX 4080 on gpu-1
2025/09/10 22:40:40 Logged telemetry for Mock RTX 4090 on gpu-0
2025/09/10 22:40:40 Logged telemetry for Mock RTX 4070 on gpu-2
2025/09/10 22:40:42 Logged telemetry for Mock RTX 4070 on gpu-2
2025/09/10 22:40:42 Logged telemetry for Mock RTX 4080 on gpu-1
2025/09/10 22:40:42 Logged telemetry for Mock RTX 4090 on gpu-0
2025/09/10 22:40:42 No jobs in queue. Predicting idle period. Sending sleep command.
2025/09/10 22:40:42 Would send sleep command to GPU agent
2025/09/10 22:40:44 Logged telemetry for Mock RTX 4090 on gpu-0
2025/09/10 22:40:44 Logged telemetry for Mock RTX 4070 on gpu-2
2025/09/10 22:40:44 Logged telemetry for Mock RTX 4080 on gpu-1
2025/09/10 22:40:46 Logged telemetry for Mock RTX 4090 on gpu-0
2025/09/10 22:40:46 Logged telemetry for Mock RTX 4070 on gpu-2
2025/09/10 22:40:46 Logged telemetry for Mock RTX 4080 on gpu-1
2025/09/10 22:40:47 No jobs in queue. Predicting idle period. Sending sleep command.
2025/09/10 22:40:47 Would send sleep command to GPU agent
2025/09/10 22:40:48 Logged telemetry for Mock RTX 4080 on gpu-1
2025/09/10 22:40:48 Logged telemetry for Mock RTX 4090 on gpu-0
2025/09/10 22:40:48 Logged telemetry for Mock RTX 4070 on gpu-2
2025/09/10 22:40:50 Logged telemetry for Mock RTX 4070 on gpu-2
2025/09/10 22:40:50 Logged telemetry for Mock RTX 4080 on gpu-1
2025/09/10 22:40:50 Logged telemetry for Mock RTX 4090 on gpu-0
2025/09/10 22:40:52 Logged telemetry for Mock RTX 4090 on gpu-0
2025/09/10 22:40:52 Logged telemetry for Mock RTX 4070 on gpu-2
2025/09/10 22:40:52 Logged telemetry for Mock RTX 4080 on gpu-1
2025/09/10 22:40:52 No jobs in queue. Predicting idle period. Sending sleep command.
2025/09/10 22:40:52 Would send sleep command to GPU agent
2025/09/10 22:40:54 Logged telemetry for Mock RTX 4080 on gpu-1
2025/09/10 22:40:54 Logged telemetry for Mock RTX 4090 on gpu-0
2025/09/10 22:40:54 Logged telemetry for Mock RTX 4070 on gpu-2
2025/09/10 22:40:56 Logged telemetry for Mock RTX 4070 on gpu-2
2025/09/10 22:40:56 Logged telemetry for Mock RTX 4080 on gpu-1
2025/09/10 22:40:56 Logged telemetry for Mock RTX 4090 on gpu-0
2025/09/10 22:40:57 No jobs in queue. Predicting idle period. Sending sleep command.
2025/09/10 22:40:57 Would send sleep command to GPU agent
2025/09/10 22:40:58 Logged telemetry for Mock RTX 4090 on gpu-0
2025/09/10 22:40:58 Logged telemetry for Mock RTX 4080 on gpu-1
2025/09/10 22:40:58 Logged telemetry for Mock RTX 4070 on gpu-2
2025/09/10 22:41:00 Logged telemetry for Mock RTX 4090 on gpu-0
2025/09/10 22:41:00 Logged telemetry for Mock RTX 4070 on gpu-2
2025/09/10 22:41:00 Logged telemetry for Mock RTX 4080 on gpu-1
2025/09/10 22:41:02 Logged telemetry for Mock RTX 4080 on gpu-1
2025/09/10 22:41:02 Logged telemetry for Mock RTX 4070 on gpu-2
2025/09/10 22:41:02 Logged telemetry for Mock RTX 4090 on gpu-0
2025/09/10 22:41:02 No jobs in queue. Predicting idle period. Sending sleep command.
2025/09/10 22:41:02 Would send sleep command to GPU agent
2025/09/10 22:41:04 Logged telemetry for Mock RTX 4090 on gpu-0
2025/09/10 22:41:04 Logged telemetry for Mock RTX 4080 on gpu-1
2025/09/10 22:41:04 Logged telemetry for Mock RTX 4070 on gpu-2
2025/09/10 22:41:06 Logged telemetry for Mock RTX 4070 on gpu-2
2025/09/10 22:41:06 Logged telemetry for Mock RTX 4090 on gpu-0
2025/09/10 22:41:06 Logged telemetry for Mock RTX 4080 on gpu-1
2025/09/10 22:41:07 No jobs in queue. Predicting idle period. Sending sleep command.
2025/09/10 22:41:07 Would send sleep command to GPU agent
2025/09/10 22:41:08 Logged telemetry for Mock RTX 4080 on gpu-1
2025/09/10 22:41:08 Logged telemetry for Mock RTX 4070 on gpu-2
2025/09/10 22:41:08 Logged telemetry for Mock RTX 4090 on gpu-0
2025/09/10 22:41:10 Logged telemetry for Mock RTX 4090 on gpu-0
2025/09/10 22:41:10 Logged telemetry for Mock RTX 4080 on gpu-1
2025/09/10 22:41:10 Logged telemetry for Mock RTX 4070 on gpu-2
2025/09/10 22:41:12 Logged telemetry for Mock RTX 4070 on gpu-2
2025/09/10 22:41:12 Logged telemetry for Mock RTX 4090 on gpu-0
2025/09/10 22:41:12 Logged telemetry for Mock RTX 4080 on gpu-1
2025/09/10 22:41:12 No jobs in queue. Predicting idle period. Sending sleep command.
2025/09/10 22:41:12 Would send sleep command to GPU agent
2025/09/10 22:41:14 Logged telemetry for Mock RTX 4080 on gpu-1
2025/09/10 22:41:14 Logged telemetry for Mock RTX 4070 on gpu-2
2025/09/10 22:41:14 Logged telemetry for Mock RTX 4090 on gpu-0
2025/09/10 22:41:16 Logged telemetry for Mock RTX 4090 on gpu-0
2025/09/10 22:41:16 Logged telemetry for Mock RTX 4080 on gpu-1
2025/09/10 22:41:16 Logged telemetry for Mock RTX 4070 on gpu-2
2025/09/10 22:41:17 No jobs in queue. Predicting idle period. Sending sleep command.
2025/09/10 22:41:17 Would send sleep command to GPU agent
2025/09/10 22:41:18 Logged telemetry for Mock RTX 4070 on gpu-2
2025/09/10 22:41:18 Logged telemetry for Mock RTX 4090 on gpu-0
2025/09/10 22:41:18 Logged telemetry for Mock RTX 4080 on gpu-1
2025/09/10 22:41:20 Logged telemetry for Mock RTX 4080 on gpu-1
2025/09/10 22:41:20 Logged telemetry for Mock RTX 4090 on gpu-0
2025/09/10 22:41:20 Logged telemetry for Mock RTX 4070 on gpu-2
2025/09/10 22:41:22 Logged telemetry for Mock RTX 4070 on gpu-2
2025/09/10 22:41:22 Logged telemetry for Mock RTX 4080 on gpu-1
2025/09/10 22:41:22 Logged telemetry for Mock RTX 4090 on gpu-0
2025/09/10 22:41:22 No jobs in queue. Predicting idle period. Sending sleep command.
2025/09/10 22:41:22 Would send sleep command to GPU agent
2025/09/10 22:41:24 Logged telemetry for Mock RTX 4090 on gpu-0
2025/09/10 22:41:24 Logged telemetry for Mock RTX 4070 on gpu-2
2025/09/10 22:41:24 Logged telemetry for Mock RTX 4080 on gpu-1
2025/09/10 22:41:26 Logged telemetry for Mock RTX 4080 on gpu-1
2025/09/10 22:41:26 Logged telemetry for Mock RTX 4090 on gpu-0
2025/09/10 22:41:26 Logged telemetry for Mock RTX 4070 on gpu-2
2025/09/10 22:41:27 No jobs in queue. Predicting idle period. Sending sleep command.
2025/09/10 22:41:27 Would send sleep command to GPU agent
2025/09/10 22:41:28 Logged telemetry for Mock RTX 4070 on gpu-2
2025/09/10 22:41:28 Logged telemetry for Mock RTX 4080 on gpu-1
2025/09/10 22:41:28 Logged telemetry for Mock RTX 4090 on gpu-0
2025/09/10 22:41:30 Logged telemetry for Mock RTX 4090 on gpu-0
2025/09/10 22:41:30 Logged telemetry for Mock RTX 4080 on gpu-1
2025/09/10 22:41:30 Logged telemetry for Mock RTX 4070 on gpu-2
2025/09/10 22:41:32 Logged telemetry for Mock RTX 4070 on gpu-2
2025/09/10 22:41:32 Logged telemetry for Mock RTX 4080 on gpu-1
2025/09/10 22:41:32 Logged telemetry for Mock RTX 4090 on gpu-0
2025/09/10 22:41:32 No jobs in queue. Predicting idle period. Sending sleep command.
2025/09/10 22:41:32 Would send sleep command to GPU agent
2025/09/10 22:41:34 Logged telemetry for Mock RTX 4090 on gpu-0
2025/09/10 22:41:34 Logged telemetry for Mock RTX 4070 on gpu-2
2025/09/10 22:41:34 Logged telemetry for Mock RTX 4080 on gpu-1
2025/09/10 22:41:36 Logged telemetry for Mock RTX 4080 on gpu-1
2025/09/10 22:41:36 Logged telemetry for Mock RTX 4090 on gpu-0
2025/09/10 22:41:36 Logged telemetry for Mock RTX 4070 on gpu-2
2025/09/10 22:41:37 No jobs in queue. Predicting idle period. Sending sleep command.
2025/09/10 22:41:37 Would send sleep command to GPU agent
2025/09/10 22:41:38 Logged telemetry for Mock RTX 4070 on gpu-2
2025/09/10 22:41:38 Logged telemetry for Mock RTX 4080 on gpu-1
2025/09/10 22:41:38 Logged telemetry for Mock RTX 4090 on gpu-0
2025/09/10 22:41:40 Logged telemetry for Mock RTX 4090 on gpu-0
2025/09/10 22:41:40 Logged telemetry for Mock RTX 4070 on gpu-2
2025/09/10 22:41:40 Logged telemetry for Mock RTX 4080 on gpu-1
2025/09/10 22:41:42 Logged telemetry for Mock RTX 4080 on gpu-1
2025/09/10 22:41:42 Logged telemetry for Mock RTX 4090 on gpu-0
2025/09/10 22:41:42 Logged telemetry for Mock RTX 4070 on gpu-2
2025/09/10 22:41:42 No jobs in queue. Predicting idle period. Sending sleep command.
2025/09/10 22:41:42 Would send sleep command to GPU agent
2025/09/10 22:41:44 Logged telemetry for Mock RTX 4080 on gpu-1
2025/09/10 22:41:44 Logged telemetry for Mock RTX 4070 on gpu-2
2025/09/10 22:41:44 Logged telemetry for Mock RTX 4090 on gpu-0
2025/09/10 22:41:46 Logged telemetry for Mock RTX 4090 on gpu-0
2025/09/10 22:41:46 Logged telemetry for Mock RTX 4080 on gpu-1
2025/09/10 22:41:46 Logged telemetry for Mock RTX 4070 on gpu-2
2025/09/10 22:41:47 No jobs in queue. Predicting idle period. Sending sleep command.
2025/09/10 22:41:47 Would send sleep command to GPU agent
2025/09/10 22:41:48 Logged telemetry for Mock RTX 4070 on gpu-2
2025/09/10 22:41:48 Logged telemetry for Mock RTX 4090 on gpu-0
2025/09/10 22:41:48 Logged telemetry for Mock RTX 4080 on gpu-1
2025/09/10 22:41:50 Logged telemetry for Mock RTX 4080 on gpu-1
2025/09/10 22:41:50 Logged telemetry for Mock RTX 4070 on gpu-2
2025/09/10 22:41:50 Logged telemetry for Mock RTX 4090 on gpu-0
2025/09/10 22:41:52 Logged telemetry for Mock RTX 4090 on gpu-0
2025/09/10 22:41:52 Logged telemetry for Mock RTX 4070 on gpu-2
2025/09/10 22:41:52 Logged telemetry for Mock RTX 4080 on gpu-1
2025/09/10 22:41:52 No jobs in queue. Predicting idle period. Sending sleep command.
2025/09/10 22:41:52 Would send sleep command to GPU agent
2025/09/10 22:41:54 Logged telemetry for Mock RTX 4070 on gpu-2
2025/09/10 22:41:54 Logged telemetry for Mock RTX 4090 on gpu-0
2025/09/10 22:41:54 Logged telemetry for Mock RTX 4080 on gpu-1
2025/09/10 22:41:56 Logged telemetry for Mock RTX 4080 on gpu-1
2025/09/10 22:41:56 Logged telemetry for Mock RTX 4070 on gpu-2
2025/09/10 22:41:56 Logged telemetry for Mock RTX 4090 on gpu-0
2025/09/10 22:41:57 No jobs in queue. Predicting idle period. Sending sleep command.
2025/09/10 22:41:57 Would send sleep command to GPU agent
2025/09/10 22:41:58 Logged telemetry for Mock RTX 4090 on gpu-0
2025/09/10 22:41:58 Logged telemetry for Mock RTX 4080 on gpu-1
2025/09/10 22:41:58 Logged telemetry for Mock RTX 4070 on gpu-2
2025/09/10 22:42:00 Logged telemetry for Mock RTX 4070 on gpu-2
2025/09/10 22:42:00 Logged telemetry for Mock RTX 4090 on gpu-0
2025/09/10 22:42:00 Logged telemetry for Mock RTX 4080 on gpu-1
2025/09/10 22:42:02 Logged telemetry for Mock RTX 4070 on gpu-2
2025/09/10 22:42:02 Logged telemetry for Mock RTX 4080 on gpu-1
2025/09/10 22:42:02 Logged telemetry for Mock RTX 4090 on gpu-0
2025/09/10 22:42:02 No jobs in queue. Predicting idle period. Sending sleep command.
2025/09/10 22:42:02 Would send sleep command to GPU agent
2025/09/10 22:42:04 Logged telemetry for Mock RTX 4090 on gpu-0
2025/09/10 22:42:04 Logged telemetry for Mock RTX 4070 on gpu-2
2025/09/10 22:42:04 Logged telemetry for Mock RTX 4080 on gpu-1
2025/09/10 22:42:06 Logged telemetry for Mock RTX 4080 on gpu-1
2025/09/10 22:42:06 Logged telemetry for Mock RTX 4090 on gpu-0
2025/09/10 22:42:06 Logged telemetry for Mock RTX 4070 on gpu-2
2025/09/10 22:42:07 No jobs in queue. Predicting idle period. Sending sleep command.
2025/09/10 22:42:07 Would send sleep command to GPU agent
2025/09/10 22:42:08 Logged telemetry for Mock RTX 4070 on gpu-2
2025/09/10 22:42:08 Logged telemetry for Mock RTX 4080 on gpu-1
2025/09/10 22:42:08 Logged telemetry for Mock RTX 4090 on gpu-0
2025/09/10 22:42:10 Logged telemetry for Mock RTX 4090 on gpu-0
2025/09/10 22:42:10 Logged telemetry for Mock RTX 4070 on gpu-2
2025/09/10 22:42:10 Logged telemetry for Mock RTX 4080 on gpu-1
2025/09/10 22:42:12 Logged telemetry for Mock RTX 4080 on gpu-1
2025/09/10 22:42:12 Logged telemetry for Mock RTX 4090 on gpu-0
2025/09/10 22:42:12 Logged telemetry for Mock RTX 4070 on gpu-2
2025/09/10 22:42:12 No jobs in queue. Predicting idle period. Sending sleep command.
2025/09/10 22:42:12 Would send sleep command to GPU agent
2025/09/10 22:42:14 Logged telemetry for Mock RTX 4070 on gpu-2
2025/09/10 22:42:14 Logged telemetry for Mock RTX 4090 on gpu-0
2025/09/10 22:42:14 Logged telemetry for Mock RTX 4080 on gpu-1
2025/09/10 22:42:16 Logged telemetry for Mock RTX 4080 on gpu-1
2025/09/10 22:42:16 Logged telemetry for Mock RTX 4070 on gpu-2
2025/09/10 22:42:16 Logged telemetry for Mock RTX 4090 on gpu-0
2025/09/10 22:42:17 No jobs in queue. Predicting idle period. Sending sleep command.
2025/09/10 22:42:17 Would send sleep command to GPU agent
2025/09/10 22:42:18 Logged telemetry for Mock RTX 4090 on gpu-0
2025/09/10 22:42:18 Logged telemetry for Mock RTX 4080 on gpu-1
2025/09/10 22:42:18 Logged telemetry for Mock RTX 4070 on gpu-2
2025/09/10 22:42:20 Logged telemetry for Mock RTX 4070 on gpu-2
2025/09/10 22:42:20 Logged telemetry for Mock RTX 4080 on gpu-1
2025/09/10 22:42:20 Logged telemetry for Mock RTX 4090 on gpu-0
2025/09/10 22:42:22 Logged telemetry for Mock RTX 4090 on gpu-0
2025/09/10 22:42:22 Logged telemetry for Mock RTX 4070 on gpu-2
2025/09/10 22:42:22 Logged telemetry for Mock RTX 4080 on gpu-1
2025/09/10 22:42:22 No jobs in queue. Predicting idle period. Sending sleep command.
2025/09/10 22:42:22 Would send sleep command to GPU agent
2025/09/10 22:42:24 Logged telemetry for Mock RTX 4080 on gpu-1
2025/09/10 22:42:24 Logged telemetry for Mock RTX 4070 on gpu-2
2025/09/10 22:42:24 Logged telemetry for Mock RTX 4090 on gpu-0
2025/09/10 22:42:26 Logged telemetry for Mock RTX 4090 on gpu-0
2025/09/10 22:42:26 Logged telemetry for Mock RTX 4080 on gpu-1
2025/09/10 22:42:26 Logged telemetry for Mock RTX 4070 on gpu-2
2025/09/10 22:42:27 No jobs in queue. Predicting idle period. Sending sleep command.
2025/09/10 22:42:27 Would send sleep command to GPU agent
2025/09/10 22:42:28 Logged telemetry for Mock RTX 4070 on gpu-2
2025/09/10 22:42:28 Logged telemetry for Mock RTX 4090 on gpu-0
2025/09/10 22:42:28 Logged telemetry for Mock RTX 4080 on gpu-1
2025/09/10 22:42:30 Logged telemetry for Mock RTX 4080 on gpu-1
2025/09/10 22:42:30 Logged telemetry for Mock RTX 4070 on gpu-2
2025/09/10 22:42:30 Logged telemetry for Mock RTX 4090 on gpu-0
2025/09/10 22:42:32 Logged telemetry for Mock RTX 4090 on gpu-0
2025/09/10 22:42:32 Logged telemetry for Mock RTX 4080 on gpu-1
2025/09/10 22:42:32 Logged telemetry for Mock RTX 4070 on gpu-2
2025/09/10 22:42:32 No jobs in queue. Predicting idle period. Sending sleep command.
2025/09/10 22:42:32 Would send sleep command to GPU agent
2025/09/10 22:42:34 Logged telemetry for Mock RTX 4080 on gpu-1
2025/09/10 22:42:34 Logged telemetry for Mock RTX 4070 on gpu-2
2025/09/10 22:42:34 Logged telemetry for Mock RTX 4090 on gpu-0
2025/09/10 22:42:36 Logged telemetry for Mock RTX 4090 on gpu-0
2025/09/10 22:42:36 Logged telemetry for Mock RTX 4070 on gpu-2
2025/09/10 22:42:36 Logged telemetry for Mock RTX 4080 on gpu-1
2025/09/10 22:42:37 No jobs in queue. Predicting idle period. Sending sleep command.
2025/09/10 22:42:37 Would send sleep command to GPU agent
2025/09/10 22:42:38 Logged telemetry for Mock RTX 4090 on gpu-0
2025/09/10 22:42:38 Logged telemetry for Mock RTX 4080 on gpu-1
2025/09/10 22:42:38 Logged telemetry for Mock RTX 4070 on gpu-2
2025/09/10 22:42:40 Logged telemetry for Mock RTX 4070 on gpu-2
2025/09/10 22:42:40 Logged telemetry for Mock RTX 4080 on gpu-1
2025/09/10 22:42:40 Logged telemetry for Mock RTX 4090 on gpu-0
2025/09/10 22:42:42 Logged telemetry for Mock RTX 4070 on gpu-2
2025/09/10 22:42:42 Logged telemetry for Mock RTX 4090 on gpu-0
2025/09/10 22:42:42 Logged telemetry for Mock RTX 4080 on gpu-1
2025/09/10 22:42:42 No jobs in queue. Predicting idle period. Sending sleep command.
2025/09/10 22:42:42 Would send sleep command to GPU agent
2025/09/10 22:42:44 Logged telemetry for Mock RTX 4080 on gpu-1
2025/09/10 22:42:44 Logged telemetry for Mock RTX 4090 on gpu-0
2025/09/10 22:42:44 Logged telemetry for Mock RTX 4070 on gpu-2
2025/09/10 22:42:46 Logged telemetry for Mock RTX 4080 on gpu-1
2025/09/10 22:42:46 Logged telemetry for Mock RTX 4070 on gpu-2
2025/09/10 22:42:46 Logged telemetry for Mock RTX 4090 on gpu-0
2025/09/10 22:42:47 No jobs in queue. Predicting idle period. Sending sleep command.
2025/09/10 22:42:47 Would send sleep command to GPU agent
2025/09/10 22:42:48 Logged telemetry for Mock RTX 4090 on gpu-0
2025/09/10 22:42:48 Logged telemetry for Mock RTX 4080 on gpu-1
2025/09/10 22:42:48 Logged telemetry for Mock RTX 4070 on gpu-2
2025/09/10 22:42:50 Logged telemetry for Mock RTX 4090 on gpu-0
2025/09/10 22:42:50 Logged telemetry for Mock RTX 4070 on gpu-2
2025/09/10 22:42:50 Logged telemetry for Mock RTX 4080 on gpu-1
2025/09/10 22:42:52 Logged telemetry for Mock RTX 4080 on gpu-1
2025/09/10 22:42:52 Logged telemetry for Mock RTX 4090 on gpu-0
2025/09/10 22:42:52 Logged telemetry for Mock RTX 4070 on gpu-2
2025/09/10 22:42:52 No jobs in queue. Predicting idle period. Sending sleep command.
2025/09/10 22:42:52 Would send sleep command to GPU agent
2025/09/10 22:42:54 Logged telemetry for Mock RTX 4070 on gpu-2
2025/09/10 22:42:54 Logged telemetry for Mock RTX 4080 on gpu-1
2025/09/10 22:42:54 Logged telemetry for Mock RTX 4090 on gpu-0
2025/09/10 22:42:56 Logged telemetry for Mock RTX 4090 on gpu-0
2025/09/10 22:42:56 Logged telemetry for Mock RTX 4070 on gpu-2
2025/09/10 22:42:56 Logged telemetry for Mock RTX 4080 on gpu-1
2025/09/10 22:42:57 No jobs in queue. Predicting idle period. Sending sleep command.
2025/09/10 22:42:57 Would send sleep command to GPU agent
2025/09/10 22:42:58 Logged telemetry for Mock RTX 4080 on gpu-1
2025/09/10 22:42:58 Logged telemetry for Mock RTX 4090 on gpu-0
2025/09/10 22:42:58 Logged telemetry for Mock RTX 4070 on gpu-2
2025/09/10 22:43:00 Logged telemetry for Mock RTX 4070 on gpu-2
2025/09/10 22:43:00 Logged telemetry for Mock RTX 4080 on gpu-1
2025/09/10 22:43:00 Logged telemetry for Mock RTX 4090 on gpu-0
2025/09/10 22:43:02 Logged telemetry for Mock RTX 4090 on gpu-0
2025/09/10 22:43:02 Logged telemetry for Mock RTX 4080 on gpu-1
2025/09/10 22:43:02 Logged telemetry for Mock RTX 4070 on gpu-2
2025/09/10 22:43:02 No jobs in queue. Predicting idle period. Sending sleep command.
2025/09/10 22:43:02 Would send sleep command to GPU agent
2025/09/10 22:43:04 Logged telemetry for Mock RTX 4070 on gpu-2
2025/09/10 22:43:04 Logged telemetry for Mock RTX 4090 on gpu-0
2025/09/10 22:43:04 Logged telemetry for Mock RTX 4080 on gpu-1
2025/09/10 22:43:06 Logged telemetry for Mock RTX 4080 on gpu-1
2025/09/10 22:43:06 Logged telemetry for Mock RTX 4070 on gpu-2
2025/09/10 22:43:06 Logged telemetry for Mock RTX 4090 on gpu-0
2025/09/10 22:43:07 No jobs in queue. Predicting idle period. Sending sleep command.
2025/09/10 22:43:07 Would send sleep command to GPU agent
2025/09/10 22:43:08 Logged telemetry for Mock RTX 4090 on gpu-0
2025/09/10 22:43:08 Logged telemetry for Mock RTX 4080 on gpu-1
2025/09/10 22:43:08 Logged telemetry for Mock RTX 4070 on gpu-2
2025/09/10 22:43:10 Logged telemetry for Mock RTX 4070 on gpu-2
2025/09/10 22:43:10 Logged telemetry for Mock RTX 4090 on gpu-0
2025/09/10 22:43:10 Logged telemetry for Mock RTX 4080 on gpu-1
2025/09/10 22:43:12 Logged telemetry for Mock RTX 4080 on gpu-1
2025/09/10 22:43:12 Logged telemetry for Mock RTX 4070 on gpu-2
2025/09/10 22:43:12 Logged telemetry for Mock RTX 4090 on gpu-0
2025/09/10 22:43:12 No jobs in queue. Predicting idle period. Sending sleep command.
2025/09/10 22:43:12 Would send sleep command to GPU agent
2025/09/10 22:43:14 Logged telemetry for Mock RTX 4090 on gpu-0
2025/09/10 22:43:14 Logged telemetry for Mock RTX 4080 on gpu-1
2025/09/10 22:43:14 Logged telemetry for Mock RTX 4070 on gpu-2
2025/09/10 22:43:16 Logged telemetry for Mock RTX 4070 on gpu-2
2025/09/10 22:43:16 Logged telemetry for Mock RTX 4090 on gpu-0
2025/09/10 22:43:16 Logged telemetry for Mock RTX 4080 on gpu-1
2025/09/10 22:43:17 No jobs in queue. Predicting idle period. Sending sleep command.
2025/09/10 22:43:17 Would send sleep command to GPU agent
2025/09/10 22:43:18 Logged telemetry for Mock RTX 4090 on gpu-0
2025/09/10 22:43:18 Logged telemetry for Mock RTX 4080 on gpu-1
2025/09/10 22:43:18 Logged telemetry for Mock RTX 4070 on gpu-2
2025/09/10 22:43:20 Logged telemetry for Mock RTX 4070 on gpu-2
2025/09/10 22:43:20 Logged telemetry for Mock RTX 4090 on gpu-0
2025/09/10 22:43:20 Logged telemetry for Mock RTX 4080 on gpu-1
2025/09/10 22:43:22 Logged telemetry for Mock RTX 4080 on gpu-1
2025/09/10 22:43:22 Logged telemetry for Mock RTX 4070 on gpu-2
2025/09/10 22:43:22 Logged telemetry for Mock RTX 4090 on gpu-0
2025/09/10 22:43:22 No jobs in queue. Predicting idle period. Sending sleep command.
2025/09/10 22:43:22 Would send sleep command to GPU agent
